2025-03-13 01:05:09 [INFO]: Database connected successfully
2025-03-13 01:05:09 [INFO]: Server running on port 3000
2025-03-13 01:05:09 [INFO]: Swagger docs available at http://localhost:3000/api-docs
2025-03-13 01:05:14 [INFO]: GET /api-docs/
2025-03-13 01:05:14 [INFO]: GET /api-docs/swagger-ui.css
2025-03-13 01:05:14 [INFO]: GET /api-docs/swagger-ui-bundle.js
2025-03-13 01:05:14 [INFO]: GET /api-docs/swagger-ui-standalone-preset.js
2025-03-13 01:05:14 [INFO]: GET /api-docs/swagger-ui-init.js
2025-03-13 01:05:14 [INFO]: GET /api-docs/
2025-03-13 01:05:15 [INFO]: GET /api-docs/swagger-ui.css
2025-03-13 01:05:15 [INFO]: GET /api-docs/swagger-ui-bundle.js
2025-03-13 01:05:15 [INFO]: GET /api-docs/swagger-ui-standalone-preset.js
2025-03-13 01:05:15 [INFO]: GET /api-docs/swagger-ui-init.js
2025-03-13 01:05:38 [INFO]: GET /api/activity?page=1&limit=20
2025-03-13 01:06:28 [INFO]: POST /api/auth/register
2025-03-13 01:06:28 [ERROR]: Registration error: SequelizeValidationError: Validation error: Validation len on password failed
2025-03-13 01:06:28 [ERROR]: Error: Validation error: Validation len on password failed
2025-03-13 01:06:38 [INFO]: POST /api/auth/register
2025-03-13 01:06:38 [ERROR]: Registration error: SequelizeValidationError: Validation error: Validation len on password failed
2025-03-13 01:06:38 [ERROR]: Error: Validation error: Validation len on password failed
2025-03-13 01:06:56 [INFO]: POST /api/auth/register
2025-03-13 01:06:56 [ERROR]: Registration error: SequelizeValidationError: Validation error: Validation len on password failed
2025-03-13 01:06:56 [ERROR]: Error: Validation error: Validation len on password failed
2025-03-13 01:07:11 [INFO]: POST /api/auth/login
2025-03-13 01:07:11 [WARN]: Invalid login attempt for username: adnan
2025-03-13 01:07:11 [ERROR]: Error: Invalid credentials
2025-03-13 01:08:06 [INFO]: POST /api/auth/register
2025-03-13 01:08:06 [ERROR]: Registration error: SequelizeValidationError: Validation error: Validation len on password failed
2025-03-13 01:08:06 [ERROR]: Error: Validation error: Validation len on password failed
2025-03-13 01:08:38 [INFO]: POST /api/auth/register
2025-03-13 01:08:47 [INFO]: POST /api/auth/register
2025-03-13 01:08:47 [ERROR]: Error: Username or email already exists
2025-03-13 01:08:54 [INFO]: POST /api/auth/register
2025-03-13 01:08:54 [ERROR]: Error: Username or email already exists
2025-03-13 01:09:04 [INFO]: POST /api/auth/register
2025-03-13 01:09:04 [ERROR]: Error: Username or email already exists
2025-03-13 01:09:29 [INFO]: POST /api/auth/register
2025-03-13 01:09:29 [ERROR]: Error: Username or email already exists
2025-03-13 01:09:41 [INFO]: POST /api/auth/register
2025-03-13 01:09:41 [ERROR]: Error: Username or email already exists
2025-03-13 01:09:48 [INFO]: POST /api/auth/register
2025-03-13 01:09:48 [ERROR]: Error: Username or email already exists
2025-03-13 01:10:09 [INFO]: POST /api/auth/login
2025-03-13 01:10:53 [INFO]: POST /api/activity
2025-03-13 01:12:24 [INFO]: GET /api/messages/me
2025-03-13 01:16:42 [INFO]: Database connected successfully
2025-03-13 01:16:42 [INFO]: Server running on port 3000
2025-03-13 01:16:42 [INFO]: Swagger docs available at http://localhost:3000/api-docs
2025-03-13 01:16:45 [INFO]: GET /api-docs/
2025-03-13 01:16:45 [INFO]: GET /api-docs/swagger-ui.css
2025-03-13 01:16:45 [INFO]: GET /api-docs/swagger-ui-bundle.js
2025-03-13 01:16:45 [INFO]: GET /api-docs/swagger-ui-standalone-preset.js
2025-03-13 01:16:45 [INFO]: GET /api-docs/swagger-ui-init.js
2025-03-13 01:17:04 [INFO]: POST /api/auth/login
2025-03-13 01:17:18 [INFO]: GET /api/activity?page=1&limit=20
2025-03-13 01:17:45 [INFO]: POST /api/activity
2025-03-13 01:18:01 [INFO]: GET /api/activity?page=1&limit=20
2025-03-13 01:18:35 [INFO]: POST /api/auth/register
2025-03-13 01:18:35 [ERROR]: Error: Username or email already exists
2025-03-13 01:18:54 [INFO]: POST /api/auth/register
2025-03-13 01:18:54 [ERROR]: Error: Username or email already exists
2025-03-13 01:19:34 [INFO]: POST /api/auth/register
2025-03-13 01:19:34 [ERROR]: Error: Username or email already exists
2025-03-13 01:23:30 [INFO]: Database connected successfully
2025-03-13 01:23:30 [INFO]: Server running on port 3000
2025-03-13 01:23:30 [INFO]: Swagger docs available at http://localhost:3000/api-docs
2025-03-13 01:23:33 [INFO]: GET /api-docs/
2025-03-13 01:23:33 [INFO]: GET /api-docs/swagger-ui.css
2025-03-13 01:23:33 [INFO]: GET /api-docs/swagger-ui-bundle.js
2025-03-13 01:23:33 [INFO]: GET /api-docs/swagger-ui-standalone-preset.js
2025-03-13 01:23:33 [INFO]: GET /api-docs/swagger-ui-init.js
2025-03-13 01:23:34 [INFO]: GET /api-docs/favicon-32x32.png
2025-03-13 01:23:51 [INFO]: POST /api/auth/login
2025-03-13 01:23:51 [WARN]: Invalid login attempt for user: 1
2025-03-13 01:23:51 [ERROR]: Error: Invalid credentials
2025-03-13 01:24:23 [INFO]: POST /api/auth/register
2025-03-13 01:24:43 [INFO]: POST /api/auth/login
2025-03-13 01:24:56 [INFO]: POST /api/auth/register
2025-03-13 01:25:07 [INFO]: POST /api/auth/login
2025-03-13 01:26:04 [INFO]: Database connected successfully and tables recreated
2025-03-13 01:26:04 [INFO]: Server running on port 3000
2025-03-13 01:26:04 [INFO]: Swagger docs available at http://localhost:3000/api-docs
2025-03-13 01:26:06 [INFO]: GET /api-docs/
2025-03-13 01:26:07 [INFO]: GET /api-docs/swagger-ui.css
2025-03-13 01:26:07 [INFO]: GET /api-docs/swagger-ui-bundle.js
2025-03-13 01:26:07 [INFO]: GET /api-docs/swagger-ui-init.js
2025-03-13 01:26:07 [INFO]: GET /api-docs/swagger-ui-standalone-preset.js
2025-03-13 01:26:39 [INFO]: Database connected successfully and tables recreated
2025-03-13 01:26:39 [INFO]: Server running on port 3000
2025-03-13 01:26:39 [INFO]: Swagger docs available at http://localhost:3000/api-docs
2025-03-13 01:26:42 [INFO]: GET /api-docs/
2025-03-13 01:26:42 [INFO]: GET /api-docs/swagger-ui.css
2025-03-13 01:26:42 [INFO]: GET /api-docs/swagger-ui-bundle.js
2025-03-13 01:26:42 [INFO]: GET /api-docs/swagger-ui-standalone-preset.js
2025-03-13 01:26:42 [INFO]: GET /api-docs/swagger-ui-init.js
2025-03-13 01:26:59 [INFO]: POST /api/auth/login
2025-03-13 01:26:59 [WARN]: Invalid login attempt for username: ahmet12
2025-03-13 01:26:59 [ERROR]: Error: Invalid credentials
2025-03-13 01:27:21 [INFO]: POST /api/auth/register
2025-03-13 01:27:33 [INFO]: POST /api/auth/login
2025-03-13 01:27:51 [INFO]: POST /api/auth/login
2025-03-13 01:27:51 [WARN]: Invalid login attempt for username: ahmet
2025-03-13 01:27:51 [ERROR]: Error: Invalid credentials
2025-03-13 01:28:00 [INFO]: POST /api/auth/register
2025-03-13 01:28:24 [INFO]: POST /api/block
2025-03-13 01:28:37 [INFO]: POST /api/auth/login
2025-03-13 01:28:55 [INFO]: POST /api/block
2025-03-13 01:29:05 [INFO]: GET /api/block
2025-03-13 01:29:33 [INFO]: POST /api/auth/login
2025-03-13 01:29:54 [INFO]: POST /api/messages
2025-03-13 01:29:54 [ERROR]: Error: You cannot send messages to this user
2025-03-13 01:30:04 [INFO]: POST /api/messages
2025-03-13 01:30:22 [INFO]: GET /api/messages?userId=2
2025-03-13 01:30:27 [INFO]: GET /api/messages?userId=1
2025-03-13 01:33:46 [INFO]: GET /api-docs/
2025-03-13 01:33:46 [INFO]: GET /api-docs/swagger-ui.css
2025-03-13 01:33:46 [INFO]: GET /api-docs/swagger-ui-standalone-preset.js
2025-03-13 01:33:46 [INFO]: GET /api-docs/swagger-ui-bundle.js
2025-03-13 01:33:46 [INFO]: GET /api-docs/swagger-ui-init.js
2025-03-13 01:33:47 [INFO]: GET /api-docs/favicon-32x32.png
2025-03-13 01:49:49 [INFO]: Database connected successfully and tables recreated
2025-03-13 01:49:49 [INFO]: Server running on port 3000
2025-03-13 01:49:49 [INFO]: Swagger docs available at http://localhost:3000/api-docs
2025-03-13 01:49:51 [INFO]: GET /api-docs/
2025-03-13 01:49:52 [INFO]: GET /api-docs/swagger-ui.css
2025-03-13 01:49:52 [INFO]: GET /api-docs/swagger-ui-bundle.js
2025-03-13 01:49:52 [INFO]: GET /api-docs/swagger-ui-standalone-preset.js
2025-03-13 01:49:52 [INFO]: GET /api-docs/swagger-ui-init.js
2025-03-13 01:51:08 [INFO]: Database connected successfully and tables recreated
2025-03-13 01:51:08 [INFO]: Server running on port 3000
2025-03-13 01:51:08 [INFO]: Swagger docs available at http://localhost:3000/api-docs
2025-03-13 01:51:11 [INFO]: GET /api-docs/
2025-03-13 01:51:11 [INFO]: GET /api-docs/swagger-ui.css
2025-03-13 01:51:11 [INFO]: GET /api-docs/swagger-ui-bundle.js
2025-03-13 01:51:11 [INFO]: GET /api-docs/swagger-ui-standalone-preset.js
2025-03-13 01:51:11 [INFO]: GET /api-docs/swagger-ui-init.js
2025-03-13 01:53:06 [INFO]: Database connected successfully and tables recreated
2025-03-13 01:53:06 [INFO]: Server running on port 3000
2025-03-13 01:53:06 [INFO]: Swagger docs available at http://localhost:3000/api-docs
2025-03-13 01:53:09 [INFO]: GET /api-docs/
2025-03-13 01:53:10 [INFO]: GET /api-docs/swagger-ui.css
2025-03-13 01:53:10 [INFO]: GET /api-docs/swagger-ui-bundle.js
2025-03-13 01:53:10 [INFO]: GET /api-docs/swagger-ui-standalone-preset.js
2025-03-13 01:53:10 [INFO]: GET /api-docs/swagger-ui-init.js
2025-03-13 01:53:10 [INFO]: GET /api-docs/
2025-03-13 01:53:11 [INFO]: GET /api-docs/swagger-ui.css
2025-03-13 01:53:11 [INFO]: GET /api-docs/swagger-ui-bundle.js
2025-03-13 01:53:11 [INFO]: GET /api-docs/swagger-ui-standalone-preset.js
2025-03-13 01:53:11 [INFO]: GET /api-docs/swagger-ui-init.js
2025-03-13 17:35:30 [ERROR]: Failed to start server: SequelizeConnectionRefusedError: connect ECONNREFUSED ::1:3306
2025-03-13 17:36:03 [INFO]: Database connected successfully and tables recreated
2025-03-13 17:36:03 [INFO]: Server running on port 3000
2025-03-13 17:36:03 [INFO]: Swagger docs available at http://localhost:3000/api-docs
2025-03-13 17:36:12 [INFO]: GET /api-docs/
2025-03-13 17:36:12 [INFO]: GET /api-docs/
2025-03-13 17:36:13 [INFO]: GET /api-docs/swagger-ui-init.js
2025-03-13 17:36:13 [INFO]: GET /api-docs/swagger-ui.css
2025-03-13 17:36:13 [INFO]: GET /api-docs/swagger-ui-bundle.js
2025-03-13 17:36:13 [INFO]: GET /api-docs/swagger-ui-standalone-preset.js
2025-03-13 17:36:15 [INFO]: GET /api-docs/swagger-ui.css
2025-03-13 17:36:15 [INFO]: GET /api-docs/swagger-ui-bundle.js
2025-03-13 17:36:15 [INFO]: GET /api-docs/swagger-ui-standalone-preset.js
2025-03-13 17:36:15 [INFO]: GET /api-docs/swagger-ui-init.js
